2025-02-04 14:16:03.815  INFO 26124 --- [           main] c.t.test.auto.verify.DeviceProfitTest    : Starting DeviceProfitTest using Java 17.0.7 with PID 26124 (started by Administrator in C:\Users\Administrator\IdeaProjects\test-auto)
2025-02-04 14:16:03.826  INFO 26124 --- [           main] c.t.test.auto.verify.DeviceProfitTest    : No active profile set, falling back to 1 default profile: "default"
2025-02-04 14:16:06.872  INFO 26124 --- [           main] c.t.test.auto.verify.DeviceProfitTest    : Started DeviceProfitTest in 3.572 seconds (process running for 17.536)
2025-02-04 14:16:08.145  INFO 26124 --- [           main] cn.thtns.test.auto.verify.TokenManager   : Token 未找到，为账号 1.9034658903E10 生成新 Token...
2025-02-04 14:16:44.684  INFO 10656 --- [           main] c.t.test.auto.verify.DeviceProfitTest    : Starting DeviceProfitTest using Java 17.0.7 with PID 10656 (started by Administrator in C:\Users\Administrator\IdeaProjects\test-auto)
2025-02-04 14:16:44.686  INFO 10656 --- [           main] c.t.test.auto.verify.DeviceProfitTest    : No active profile set, falling back to 1 default profile: "default"
2025-02-04 14:16:47.058  INFO 10656 --- [           main] c.t.test.auto.verify.DeviceProfitTest    : Started DeviceProfitTest in 2.743 seconds (process running for 11.933)
2025-02-04 14:21:43.848  INFO 19484 --- [           main] c.t.test.auto.verify.DeviceProfitTest    : Starting DeviceProfitTest using Java 17.0.7 with PID 19484 (started by Administrator in C:\Users\Administrator\IdeaProjects\test-auto)
2025-02-04 14:21:43.851  INFO 19484 --- [           main] c.t.test.auto.verify.DeviceProfitTest    : No active profile set, falling back to 1 default profile: "default"
2025-02-04 14:21:46.214  INFO 19484 --- [           main] c.t.test.auto.verify.DeviceProfitTest    : Started DeviceProfitTest in 2.954 seconds (process running for 18.351)
2025-02-04 14:21:47.537  INFO 19484 --- [           main] cn.thtns.test.auto.verify.TokenManager   : Token 未找到，为账号 1.9034658903E10 生成新 Token...
2025-02-04 14:22:52.180  INFO 15376 --- [           main] c.t.test.auto.verify.DeviceProfitTest    : Starting DeviceProfitTest using Java 17.0.7 with PID 15376 (started by Administrator in C:\Users\Administrator\IdeaProjects\test-auto)
2025-02-04 14:22:52.183  INFO 15376 --- [           main] c.t.test.auto.verify.DeviceProfitTest    : No active profile set, falling back to 1 default profile: "default"
2025-02-04 14:22:54.557  INFO 15376 --- [           main] c.t.test.auto.verify.DeviceProfitTest    : Started DeviceProfitTest in 2.876 seconds (process running for 15.678)
2025-02-04 14:23:58.192  INFO 25116 --- [           main] c.t.test.auto.verify.DeviceProfitTest    : Starting DeviceProfitTest using Java 17.0.7 with PID 25116 (started by Administrator in C:\Users\Administrator\IdeaProjects\test-auto)
2025-02-04 14:23:58.194  INFO 25116 --- [           main] c.t.test.auto.verify.DeviceProfitTest    : No active profile set, falling back to 1 default profile: "default"
2025-02-04 14:24:00.776  INFO 25116 --- [           main] c.t.test.auto.verify.DeviceProfitTest    : Started DeviceProfitTest in 3.078 seconds (process running for 16.366)
2025-02-04 14:24:02.068  INFO 25116 --- [           main] cn.thtns.test.auto.verify.TokenManager   : Token 未找到，为账号 19034658903 生成新 Token...
2025-02-04 14:24:02.447  INFO 25116 --- [           main] cn.thtns.test.auto.verify.TokenManager   : 成功获取 BEARER_TOKEN for 19034658903: bearer eyJ0eXAiOiJKV1QiLCJhbGciOiJIUzI1NiJ9.eyJpYXQiOjE3Mzg2NTAyMzksIm5iZiI6MTczODY1MDIzOCwiZXhwIjoxNzM5MjU1MDM5LCJ1X2lkIjo0NzI2OSwidV90eXBlIjoyLCJjb21wYW55X2lkIjoyLCJpc3MiOiJkaWRpX3d6IiwiaXNfc3VwZXIiOjEsImlzX2FkbWluIjowLCJtaW5pX3NvdXJjZSI6Ind6IiwiaXNfc2hvd19zZXR0bGVhY2NvdW50X3JlY29yZCI6MH0.JUTrlShKX_yb9ZQEm6u8Q_4echXIx-i5SUER0-J8RUQ
2025-02-04 14:24:02.448  INFO 25116 --- [           main] c.t.test.auto.verify.DeviceProfitTest    : 账号：19034658903 正在对比数据
2025-02-04 14:24:05.541  INFO 25116 --- [           main] c.t.test.auto.verify.DeviceProfitTest    : 开始对比天统计数据
2025-02-04 14:24:05.547  INFO 25116 --- [           main] c.t.test.auto.verify.DeviceProfitTest    : 结束对比天统计数据
2025-02-04 14:24:05.547  INFO 25116 --- [           main] c.t.test.auto.verify.DeviceProfitTest    : 开始对比周统计数据
2025-02-04 14:24:05.551  INFO 25116 --- [           main] c.t.test.auto.verify.DeviceProfitTest    : 结束对比周统计数据
2025-02-04 14:24:05.552  INFO 25116 --- [           main] c.t.test.auto.verify.DeviceProfitTest    : 开始对比月统计数据
2025-02-04 14:24:05.554  INFO 25116 --- [           main] c.t.test.auto.verify.DeviceProfitTest    : 结束对比月统计数据
2025-02-04 14:24:05.555  INFO 25116 --- [           main] c.t.test.auto.verify.DeviceProfitTest    : 开始对比季度统计数据
2025-02-04 14:24:05.556  INFO 25116 --- [           main] c.t.test.auto.verify.DeviceProfitTest    : card支付，日期：2023_04 数据不一致，旧接口数据：800，新接口数据：0
2025-02-04 14:24:05.557  INFO 25116 --- [           main] c.t.test.auto.verify.DeviceProfitTest    : 结束对比季度统计数据
2025-02-04 14:24:05.557  INFO 25116 --- [           main] c.t.test.auto.verify.DeviceProfitTest    : 开始对比年度统计数据
2025-02-04 14:24:05.558  INFO 25116 --- [           main] c.t.test.auto.verify.DeviceProfitTest    : bill支付，日期：2023 数据不一致，旧接口数据：200，新接口数据：0
2025-02-04 14:24:05.558  INFO 25116 --- [           main] c.t.test.auto.verify.DeviceProfitTest    : card支付，日期：2023 数据不一致，旧接口数据：2500，新接口数据：0
2025-02-04 14:24:05.559  INFO 25116 --- [           main] c.t.test.auto.verify.DeviceProfitTest    : 结束对比年度统计数据
2025-02-04 14:24:05.559  INFO 25116 --- [           main] c.t.test.auto.verify.DeviceProfitTest    : 账号：19034658903 对比数据结束 
2025-02-04 14:50:17.718  INFO 2752 --- [           main] c.t.test.auto.verify.DeviceProfitTest    : Starting DeviceProfitTest using Java 17.0.7 with PID 2752 (started by Administrator in C:\Users\Administrator\IdeaProjects\test-auto)
2025-02-04 14:50:17.720  INFO 2752 --- [           main] c.t.test.auto.verify.DeviceProfitTest    : No active profile set, falling back to 1 default profile: "default"
2025-02-04 14:50:20.197  INFO 2752 --- [           main] c.t.test.auto.verify.DeviceProfitTest    : Started DeviceProfitTest in 2.831 seconds (process running for 8.866)
2025-02-04 14:50:21.690  INFO 2752 --- [           main] cn.thtns.test.auto.verify.TokenManager   : Token 未找到，为账号 19034658903 生成新 Token...
2025-02-04 14:50:22.084  INFO 2752 --- [           main] cn.thtns.test.auto.verify.TokenManager   : 成功获取 BEARER_TOKEN for 19034658903: bearer eyJ0eXAiOiJKV1QiLCJhbGciOiJIUzI1NiJ9.eyJpYXQiOjE3Mzg2NTE4MTksIm5iZiI6MTczODY1MTgxOCwiZXhwIjoxNzM5MjU2NjE5LCJ1X2lkIjo0NzI2OSwidV90eXBlIjoyLCJjb21wYW55X2lkIjoyLCJpc3MiOiJkaWRpX3d6IiwiaXNfc3VwZXIiOjEsImlzX2FkbWluIjowLCJtaW5pX3NvdXJjZSI6Ind6IiwiaXNfc2hvd19zZXR0bGVhY2NvdW50X3JlY29yZCI6MH0.N4lhgRoZFVE44pE5UR5oIcOQc_khBCW3LmjFa-k0ixI
2025-02-04 14:50:22.084  INFO 2752 --- [           main] c.t.test.auto.verify.DeviceProfitTest    : 账号：19034658903 正在对比数据
2025-02-04 14:51:51.193  INFO 2752 --- [           main] c.t.test.auto.verify.DeviceProfitTest    : oldProfitResGroup
2025-02-04 15:15:46.653  INFO 7616 --- [           main] c.t.test.auto.verify.DeviceProfitTest    : Starting DeviceProfitTest using Java 17.0.7 with PID 7616 (started by Administrator in C:\Users\Administrator\IdeaProjects\test-auto)
2025-02-04 15:15:46.654  INFO 7616 --- [           main] c.t.test.auto.verify.DeviceProfitTest    : No active profile set, falling back to 1 default profile: "default"
2025-02-04 15:15:49.163  INFO 7616 --- [           main] c.t.test.auto.verify.DeviceProfitTest    : Started DeviceProfitTest in 2.892 seconds (process running for 7.678)
2025-02-04 15:15:50.587  INFO 7616 --- [           main] cn.thtns.test.auto.verify.TokenManager   : Token 未找到，为账号 19034658903 生成新 Token...
2025-02-04 15:15:50.945  INFO 7616 --- [           main] cn.thtns.test.auto.verify.TokenManager   : 成功获取 BEARER_TOKEN for 19034658903: bearer eyJ0eXAiOiJKV1QiLCJhbGciOiJIUzI1NiJ9.eyJpYXQiOjE3Mzg2NTMzNDgsIm5iZiI6MTczODY1MzM0NywiZXhwIjoxNzM5MjU4MTQ4LCJ1X2lkIjo0NzI2OSwidV90eXBlIjoyLCJjb21wYW55X2lkIjoyLCJpc3MiOiJkaWRpX3d6IiwiaXNfc3VwZXIiOjEsImlzX2FkbWluIjowLCJtaW5pX3NvdXJjZSI6Ind6IiwiaXNfc2hvd19zZXR0bGVhY2NvdW50X3JlY29yZCI6MH0.DqKXuRpzZKKBe-dqpCfqHoFTh1uL594fth13fK5OZxs
2025-02-04 15:15:50.946  INFO 7616 --- [           main] c.t.test.auto.verify.DeviceProfitTest    : 账号：19034658903 正在对比数据
